This is pdfTeX, Version 3.1415926-2.5-1.40.14 (TeX Live 2013/Debian) (format=latex 2013.11.12)  18 NOV 2013 20:38
entering extended mode
 restricted \write18 enabled.
 %&-line parsing enabled.
**slides.tex
(./slides.tex
LaTeX2e <2011/06/27>
Babel <3.9f> and hyphenation patterns for 5 languages loaded.
(/usr/share/texmf/tex/latex/prosper/prosper.cls
Document Class: prosper 2003/03/20, v. 1.6
(c) 2000-2003 Frederic Goualard, IRIN, France
 and Peter Møller Neergaard, Boston Univ., USA
CVSId: $Id: prosper.cls,v 1.25 2003/02/21 18:32:56 exupery Exp $
(/usr/share/texlive/texmf-dist/tex/latex/graphics/graphicx.sty
Package: graphicx 1999/02/16 v1.0f Enhanced LaTeX Graphics (DPC,SPQR)

(/usr/share/texlive/texmf-dist/tex/latex/graphics/keyval.sty
Package: keyval 1999/03/16 v1.13 key=value parser (DPC)
\KV@toks@=\toks14
)
(/usr/share/texlive/texmf-dist/tex/latex/graphics/graphics.sty
Package: graphics 2009/02/05 v1.0o Standard LaTeX Graphics (DPC,SPQR)

(/usr/share/texlive/texmf-dist/tex/latex/graphics/trig.sty
Package: trig 1999/03/16 v1.09 sin cos tan (DPC)
)
(/usr/share/texlive/texmf-dist/tex/latex/latexconfig/graphics.cfg
File: graphics.cfg 2010/04/23 v1.9 graphics configuration of TeX Live
)
Package graphics Info: Driver file: dvips.def on input line 91.

(/usr/share/texlive/texmf-dist/tex/latex/graphics/dvips.def
File: dvips.def 1999/02/16 v3.0i Driver-dependant file (DPC,SPQR)
))
\Gin@req@height=\dimen102
\Gin@req@width=\dimen103
)
(/usr/share/texlive/texmf-dist/tex/latex/seminar/seminar.cls
Document Class: seminar 2008/10/15, 1.5
Document Style: `seminar' v1.5 <2008/10/15> (tvz)
\slidewidth=\dimen104
\slideheight=\dimen105
\footheight=\dimen106
(/usr/share/texlive/texmf-dist/tex/latex/base/article.cls
Document Class: article 2007/10/19 v1.4h Standard LaTeX document class
(/usr/share/texlive/texmf-dist/tex/latex/base/leqno.clo
File: leqno.clo 1998/08/17 v1.1c Standard LaTeX option (left equation numbers)
)
(/usr/share/texlive/texmf-dist/tex/latex/base/size10.clo
File: size10.clo 2007/10/19 v1.4h Standard LaTeX file (size option)
)
\c@part=\count79
\c@section=\count80
\c@subsection=\count81
\c@subsubsection=\count82
\c@paragraph=\count83
\c@subparagraph=\count84
\c@figure=\count85
\c@table=\count86
\abovecaptionskip=\skip41
\belowcaptionskip=\skip42
\bibindent=\dimen107
)
(/usr/share/texlive/texmf-dist/tex/latex/seminar/sem-page.sty)
\before@document=\toks15
\after@document=\toks16
\before@enddocument=\toks17
\c@slide=\count87
\slide@count=\count88
\@slidebox=\box26
\not@slidebox=\box27
\slide@hook=\toks18
\after@slide=\toks19
\slide@footins=\insert233
\slide@listdepth=\count89
\saved@specials=\box28
\before@newslide=\toks20
\after@slidepage=\toks21
\slidesep=\skip43
\c@note=\count90
\slideframewidth=\dimen108
\slideframesep=\dimen109
\semin=\dimen110
\semcm=\dimen111
)
(/usr/share/texlive/texmf-dist/tex/latex/seminar/semcolor.sty
Style Option: `semcolor' for doc style `seminar' 1.01 <2004/05/18> (tvz)
File: semcolor.sty 2004/05/18 v1.01 (tvz)
(/usr/share/texlive/texmf-dist/tex/latex/pstricks/pstricks.sty
Package: pstricks 2013/05/22 v0.57 LaTeX wrapper for `PSTricks' (RN,HV)

>>> Loading package auto-pst-pdf <<<

Package pstricks Warning: ************************************ 
(pstricks)                Option pdf needs a "pdflatex -shell-escape <file>" 
(pstricks)                or a "pdflatex -enable-write18 <file>" 
(pstricks)                (if you are using MikTeX) 
(pstricks)                ************************************.

(/usr/share/texlive/texmf-dist/tex/generic/pstricks/pstricks.tex
(/usr/share/texlive/texmf-dist/tex/generic/xkeyval/pst-xkey.tex
File: pst-xkey.tex 2005/11/25 v1.6 PSTricks specialization of xkeyval (HA)

(/usr/share/texlive/texmf-dist/tex/latex/xkeyval/xkeyval.sty
Package: xkeyval 2012/10/14 v2.6b package option processing (HA)

(/usr/share/texlive/texmf-dist/tex/generic/xkeyval/xkeyval.tex
\XKV@toks=\toks22
\XKV@tempa@toks=\toks23
\XKV@depth=\count91
File: xkeyval.tex 2012/10/14 v2.6b key=value parser (HA)
)))
(/usr/share/texlive/texmf-dist/tex/generic/pstricks/pst-fp.tex
`pst-fp' v0.05, 2010/01/17 (hv)
\pstFP@xs=\count92
\pstFP@xia=\count93
\pstFP@xib=\count94
\pstFP@xfa=\count95
\pstFP@xfb=\count96
\pstFP@rega=\count97
\pstFP@regb=\count98
\pstFP@regs=\count99
\pstFP@times=\count100
)
(/usr/share/texmf/tex/generic/pgf/utilities/pgfutil-common.tex
\pgfutil@everybye=\toks24
)
(/usr/share/texmf/tex/generic/pgf/utilities/pgfkeys.code.tex
\pgfkeys@pathtoks=\toks25
\pgfkeys@temptoks=\toks26

(/usr/share/texmf/tex/generic/pgf/utilities/pgfkeysfiltered.code.tex
\pgfkeys@tmptoks=\toks27
))
(/usr/share/texmf/tex/generic/pgf/utilities/pgffor.code.tex
\pgffor@iter=\dimen112
\pgffor@skip=\dimen113
\pgffor@stack=\toks28
\pgffor@toks=\toks29
)
\psLoopIndex=\count101

`PSTricks' v2.45  <2013/07/09> (tvz)
\pst@dima=\dimen114
\pst@dimb=\dimen115
\pst@dimc=\dimen116
\pst@dimd=\dimen117
\pst@dimg=\dimen118
\pst@dimh=\dimen119
\pst@dimm=\dimen120
\pst@dimn=\dimen121
\pst@dimo=\dimen122
\pst@dimp=\dimen123
\pst@hbox=\box29
\pst@ibox=\box30
\pst@boxg=\box31
\pst@cnta=\count102
\pst@cntb=\count103
\pst@cntc=\count104
\pst@cntd=\count105
\pst@cntg=\count106
\pst@cnth=\count107
\pst@cntm=\count108
\pst@cntn=\count109
\pst@cnto=\count110
\pst@cntp=\count111
\@zero=\count112
\pst@toks=\toks30
(/usr/share/texlive/texmf-dist/tex/generic/pstricks/pstricks.con)
\psunit=\dimen124
\psxunit=\dimen125
\psyunit=\dimen126
\pst@C@@rType=\count113
\pslinewidth=\dimen127
\psk@startLW=\dimen128
\psk@endLW=\dimen129
\pst@customdefs=\toks31
\pslinearc=\dimen130
\pst@symbolStep=\dimen131
\pst@symbolWidth=\dimen132
\pst@symbolLinewidth=\dimen133
\everypsbox=\toks32
\psframesep=\dimen134
\pslabelsep=\dimen135
\sh@wgridXunit=\dimen136
\sh@wgridYunit=\dimen137
\pst@shift=\dimen138
)
File: pstricks.tex 2013/07/09 v2.45 `PSTricks' (tvz,hv)

(/usr/share/texlive/texmf-dist/tex/generic/pstricks/pst-fp.tex)
File: pst-fp.tex 2013/07/09 v2.45 `PST-fp' (hv)

(/usr/share/texmf/tex/latex/xcolor/xcolor.sty
Package: xcolor 2007/01/21 v2.11 LaTeX color extensions (UK)

(/usr/share/texlive/texmf-dist/tex/latex/latexconfig/color.cfg
File: color.cfg 2007/01/18 v1.5 color configuration of teTeX/TeXLive
)
Package xcolor Info: Driver file: dvips.def on input line 225.
Package xcolor Info: Model `cmy' substituted by `cmy0' on input line 1337.
Package xcolor Info: Model `RGB' extended on input line 1353.
Package xcolor Info: Model `HTML' substituted by `rgb' on input line 1355.
Package xcolor Info: Model `Hsb' substituted by `hsb' on input line 1356.
Package xcolor Info: Model `tHsb' substituted by `hsb' on input line 1357.
Package xcolor Info: Model `HSB' substituted by `hsb' on input line 1358.
Package xcolor Info: Model `Gray' substituted by `gray' on input line 1359.
Package xcolor Info: Model `wave' substituted by `hsb' on input line 1360.
)))
(/usr/share/texlive/texmf-dist/tex/latex/seminar/semlayer.sty
\@@slidebox=\box32
\c@overlay=\count114
)
(/usr/share/texlive/texmf-dist/tex/latex/seminar/seminar.bug)
(/usr/share/texlive/texmf-dist/tex/latex/seminar/seminar.bg2
seminar.bg2: various corrections for the Seminar document class
added since seminar.bug and few add-ons for overlays
(Version 2.1 of <May 31, 2002> (D.G.))
\Seminar@SlideBoxBackground=\box33
) (/usr/share/texmf/tex/latex/prosper/seminar-bg2-lepennec.fix)
(/usr/share/texlive/texmf-dist/tex/latex/hyperref/hyperref.sty
Package: hyperref 2012/11/06 v6.83m Hypertext links for LaTeX

(/usr/share/texlive/texmf-dist/tex/generic/oberdiek/hobsub-hyperref.sty
Package: hobsub-hyperref 2012/05/28 v1.13 Bundle oberdiek, subset hyperref (HO)


(/usr/share/texlive/texmf-dist/tex/generic/oberdiek/hobsub-generic.sty
Package: hobsub-generic 2012/05/28 v1.13 Bundle oberdiek, subset generic (HO)
Package: hobsub 2012/05/28 v1.13 Construct package bundles (HO)
Package: infwarerr 2010/04/08 v1.3 Providing info/warning/error messages (HO)
Package: ltxcmds 2011/11/09 v1.22 LaTeX kernel commands for general use (HO)
Package: ifluatex 2010/03/01 v1.3 Provides the ifluatex switch (HO)
Package ifluatex Info: LuaTeX not detected.
Package: ifvtex 2010/03/01 v1.5 Detect VTeX and its facilities (HO)
Package ifvtex Info: VTeX not detected.
Package: intcalc 2007/09/27 v1.1 Expandable calculations with integers (HO)
Package: ifpdf 2011/01/30 v2.3 Provides the ifpdf switch (HO)
Package ifpdf Info: pdfTeX in PDF mode is not detected.
Package: etexcmds 2011/02/16 v1.5 Avoid name clashes with e-TeX commands (HO)
Package etexcmds Info: Could not find \expanded.
(etexcmds)             That can mean that you are not using pdfTeX 1.50 or
(etexcmds)             that some package has redefined \expanded.
(etexcmds)             In the latter case, load this package earlier.
Package: kvsetkeys 2012/04/25 v1.16 Key value parser (HO)
Package: kvdefinekeys 2011/04/07 v1.3 Define keys (HO)
Package: pdftexcmds 2011/11/29 v0.20 Utility functions of pdfTeX for LuaTeX (HO
)
Package pdftexcmds Info: LuaTeX not detected.
Package pdftexcmds Info: \pdf@primitive is available.
Package pdftexcmds Info: \pdf@ifprimitive is available.
Package pdftexcmds Info: \pdfdraftmode is ignored in DVI mode.
Package: pdfescape 2011/11/25 v1.13 Implements pdfTeX's escape features (HO)
Package: bigintcalc 2012/04/08 v1.3 Expandable calculations on big integers (HO
)
Package: bitset 2011/01/30 v1.1 Handle bit-vector datatype (HO)
Package: uniquecounter 2011/01/30 v1.2 Provide unlimited unique counter (HO)
)
Package hobsub Info: Skipping package `hobsub' (already loaded).
Package: letltxmacro 2010/09/02 v1.4 Let assignment for LaTeX macros (HO)
Package: hopatch 2012/05/28 v1.2 Wrapper for package hooks (HO)
Package: xcolor-patch 2011/01/30 xcolor patch
Package: atveryend 2011/06/30 v1.8 Hooks at the very end of document (HO)
Package: atbegshi 2011/10/05 v1.16 At begin shipout hook (HO)
Package: refcount 2011/10/16 v3.4 Data extraction from label references (HO)
Package: hycolor 2011/01/30 v1.7 Color options for hyperref/bookmark (HO)
)
(/usr/share/texlive/texmf-dist/tex/generic/ifxetex/ifxetex.sty
Package: ifxetex 2010/09/12 v0.6 Provides ifxetex conditional
)
(/usr/share/texlive/texmf-dist/tex/latex/oberdiek/auxhook.sty
Package: auxhook 2011/03/04 v1.3 Hooks for auxiliary files (HO)
)
(/usr/share/texlive/texmf-dist/tex/latex/oberdiek/kvoptions.sty
Package: kvoptions 2011/06/30 v3.11 Key value format for package options (HO)
)
\@linkdim=\dimen139
\Hy@linkcounter=\count115
\Hy@pagecounter=\count116

(/usr/share/texlive/texmf-dist/tex/latex/hyperref/pd1enc.def
File: pd1enc.def 2012/11/06 v6.83m Hyperref: PDFDocEncoding definition (HO)
)
\Hy@SavedSpaceFactor=\count117

(/usr/share/texlive/texmf-dist/tex/latex/latexconfig/hyperref.cfg
File: hyperref.cfg 2002/06/06 v1.2 hyperref configuration of TeXLive
)
Package hyperref Info: Option `bookmarks' set `true' on input line 4319.


Package hyperref Warning: Option `a4paper' is no longer used.

Package hyperref Info: Option `pdffitwindow' set `true' on input line 4319.
Package hyperref Info: Option `pdfcenterwindow' set `true' on input line 4319.
Package hyperref Info: Hyper figures OFF on input line 4443.
Package hyperref Info: Link nesting OFF on input line 4448.
Package hyperref Info: Hyper index ON on input line 4451.
Package hyperref Info: Plain pages OFF on input line 4458.
Package hyperref Info: Backreferencing OFF on input line 4463.
Package hyperref Info: Implicit mode ON; LaTeX internals redefined.
Package hyperref Info: Bookmarks ON on input line 4688.
\c@Hy@tempcnt=\count118
(/usr/share/texlive/texmf-dist/tex/latex/url/url.sty
\Urlmuskip=\muskip10
Package: url 2006/04/12  ver 3.3  Verb mode for urls, etc.
)
LaTeX Info: Redefining \url on input line 5041.
\XeTeXLinkMargin=\dimen140
\Fld@menulength=\count119
\Field@Width=\dimen141
\Fld@charsize=\dimen142
Package hyperref Info: Hyper figures OFF on input line 6295.
Package hyperref Info: Link nesting OFF on input line 6300.
Package hyperref Info: Hyper index ON on input line 6303.
Package hyperref Info: backreferencing OFF on input line 6310.
Package hyperref Info: Link coloring OFF on input line 6315.
Package hyperref Info: Link coloring with OCG OFF on input line 6320.
Package hyperref Info: PDF/A mode OFF on input line 6325.
LaTeX Info: Redefining \ref on input line 6365.
LaTeX Info: Redefining \pageref on input line 6369.
\Hy@abspage=\count120
\c@Item=\count121
\c@Hfootnote=\count122
)

Package hyperref Message: Driver: hdvips.

(/usr/share/texlive/texmf-dist/tex/latex/hyperref/hdvips.def
File: hdvips.def 2012/11/06 v6.83m Hyperref driver for dvips

(/usr/share/texlive/texmf-dist/tex/latex/hyperref/pdfmark.def
File: pdfmark.def 2012/11/06 v6.83m Hyperref definitions for pdfmark specials
\pdf@docset=\toks33
\pdf@box=\box34
\pdf@toks=\toks34
\pdf@defaulttoks=\toks35
\HyField@AnnotCount=\count123
\Fld@listcount=\count124
\c@bookmark@seq@number=\count125

(/usr/share/texlive/texmf-dist/tex/latex/oberdiek/rerunfilecheck.sty
Package: rerunfilecheck 2011/04/15 v1.7 Rerun checks for auxiliary files (HO)
Package uniquecounter Info: New unique counter `rerunfilecheck' on input line 2
82.
)
\Hy@SectionHShift=\skip44
))
\theoverlays=\box35
\c@overlaysCount=\count126
\c@limitOverlays=\count127
\@tempoLimit=\count128
\slideWidth=\skip45
\c@trueSlideCounter=\count129

(./PPRumbc4.sty
Package: PPRumbc4 2002/09/28

UMBC style for Prosper -- (c) 2002 Rouben Rostamian, UMBC
(/usr/share/texlive/texmf-dist/tex/latex/pstricks/pstcol.sty
Package: pstcol 2007/04/11 v1.3 LaTeX wrapper for `PSTricks' (RN,HV)


Package pstcol Warning: ************************************ 
(pstcol)                The package `pstcol' is obsolet! 
(pstcol)                You should use `pstricks' directly: 
(pstcol)                    \usepackage{pstricks}
(pstcol)                ************************************.

) (/usr/share/texlive/texmf-dist/tex/latex/pst-grad/pst-grad.sty
Package: pst-grad 2004/07/15 package wrapper for pst-grad.tex (hv)

(/usr/share/texlive/texmf-dist/tex/generic/pst-grad/pst-grad.tex
`pst-grad' v1.06, 2006/11/27 (tvz,dg,hv))
File: pst-grad.tex 2006/11/27 1.06 `pst-grad' (tvz)
) (./umbclogo-2003-01.tex
(./tribullet.sty
Package: tribullet 2002/09/28

Triangular bullets -- (c) 2002 Rouben Rostamian, UMBC
)))
\c@item@step=\count130
\c@overlay@page=\count131
\c@nbAffected=\count132
\c@savecountAffected=\count133
)
Package hyperref Info: Option `colorlinks' set `true' on input line 42.
 (/usr/share/texlive/texmf-dist/tex/latex/base/ifthen.sty
Package: ifthen 2001/05/26 v1.1c Standard LaTeX ifthen package (DPC)
)
(/usr/share/texlive/texmf-dist/tex/latex/amsfonts/amssymb.sty
Package: amssymb 2013/01/14 v3.01 AMS font symbols

(/usr/share/texlive/texmf-dist/tex/latex/amsfonts/amsfonts.sty
Package: amsfonts 2013/01/14 v3.01 Basic AMSFonts support
\@emptytoks=\toks36
\symAMSa=\mathgroup4
\symAMSb=\mathgroup5
LaTeX Font Info:    Overwriting math alphabet `\mathfrak' in version `bold'
(Font)                  U/euf/m/n --> U/euf/b/n on input line 106.
))
(/usr/share/texlive/texmf-dist/tex/latex/pst-node/pst-node.sty
Package: pst-node 2012/09/18 v1.01 LaTeX wrapper for `pst-node' (HV)
Package: pst-node 2010/04/22 package wrapper for pst-node.tex

(/usr/share/texlive/texmf-dist/tex/generic/pst-node/pst-node.tex
 v1.29, 2013/07/13
\psrow=\count134
\pscol=\count135
\psmatrixcnt=\count136
\psrowsep=\skip46
\pscolsep=\skip47
\pst@args=\count137
\num@pts=\count138
\pst@argcnt=\count139
)
File: pst-node.tex 2013/07/13 1.29 `pst-node' (tvz,hv)
)
No file slides.aux.
\openout1 = `slides.aux'.

LaTeX Font Info:    Checking defaults for OML/cmm/m/it on input line 77.
LaTeX Font Info:    ... okay on input line 77.
LaTeX Font Info:    Checking defaults for T1/cmr/m/n on input line 77.
LaTeX Font Info:    ... okay on input line 77.
LaTeX Font Info:    Checking defaults for OT1/cmr/m/n on input line 77.
LaTeX Font Info:    ... okay on input line 77.
LaTeX Font Info:    Checking defaults for OMS/cmsy/m/n on input line 77.
LaTeX Font Info:    ... okay on input line 77.
LaTeX Font Info:    Checking defaults for OMX/cmex/m/n on input line 77.
LaTeX Font Info:    ... okay on input line 77.
LaTeX Font Info:    Checking defaults for U/cmr/m/n on input line 77.
LaTeX Font Info:    ... okay on input line 77.
LaTeX Font Info:    Checking defaults for PD1/pdf/m/n on input line 77.
LaTeX Font Info:    ... okay on input line 77.
LaTeX Font Info:    Try loading font information for OT1+pag on input line 77.
(/usr/share/texlive/texmf-dist/tex/latex/psnfss/ot1pag.fd
File: ot1pag.fd 2001/06/04 font definitions for OT1/pag.
)
(/usr/share/texlive/texmf-dist/tex/latex/auto-pst-pdf/auto-pst-pdf.sty
Package: auto-pst-pdf 2009/04/26 v0.6 Wrapper for pst-pdf

(/usr/share/texlive/texmf-dist/tex/latex/ifplatform/ifplatform.sty
Package: ifplatform 2010/10/22 v0.4 Testing for the operating system

(/usr/share/texlive/texmf-dist/tex/generic/oberdiek/catchfile.sty
Package: catchfile 2011/03/01 v1.6 Catch the contents of a file (HO)
)

Package ifplatform Warning: 
    shell escape is disabled, so I can only detect \ifwindows.

)
\c@app@runs=\count140
 (/usr/share/texlive/texmf-dist/tex/latex/pst-pdf/pst-pdf.sty
Package: pst-pdf 2008/10/09 v1.1v PS graphics for pdfLaTeX (RN,HjG)
\c@pspicture=\count141
Package pst-pdf Info: MODE: 9 (inactive mode) on input line 458.
))
\AtBeginShipoutBox=\box36
Package hyperref Info: Link coloring ON on input line 77.

(/usr/share/texlive/texmf-dist/tex/latex/hyperref/nameref.sty
Package: nameref 2012/10/27 v2.43 Cross-referencing by name of section

(/usr/share/texlive/texmf-dist/tex/generic/oberdiek/gettitlestring.sty
Package: gettitlestring 2010/12/03 v1.4 Cleanup title references (HO)
)
\c@section@level=\count142
)
LaTeX Info: Redefining \ref on input line 77.
LaTeX Info: Redefining \pageref on input line 77.
LaTeX Info: Redefining \nameref on input line 77.
\@outlinefile=\write3
\openout3 = `slides.out'.



Package hyperref Warning: Rerun to get /PageLabels entry.

LaTeX Font Info:    Try loading font information for U+msa on input line 81.
(/usr/share/texlive/texmf-dist/tex/latex/amsfonts/umsa.fd
File: umsa.fd 2013/01/14 v3.01 AMS symbols A
)
LaTeX Font Info:    Try loading font information for U+msb on input line 81.

(/usr/share/texlive/texmf-dist/tex/latex/amsfonts/umsb.fd
File: umsb.fd 2013/01/14 v3.01 AMS symbols B
)
LaTeX Font Info:    Try loading font information for OT1+phv on input line 81.

(/usr/share/texlive/texmf-dist/tex/latex/psnfss/ot1phv.fd
File: ot1phv.fd 2001/06/04 scalable font definitions for OT1/phv.
) [1


]
! Undefined control sequence.
\\tribullet [#1]#2->\scaleboxto 
                                (0,#1){\pspicture [](0.00,-1.28)(1.12,1.00)\...
l.123 }
       
? r
OK, entering \nonstopmode...
! Undefined control sequence.
\\tribullet [#1]#2->\scaleboxto 
                                (0,#1){\pspicture [](0.00,-1.28)(1.12,1.00)\...
l.123 }
       
The control sequence at the end of the top line
of your error message was never \def'ed. If you have
misspelled it (e.g., `\hobx'), type `I' and the correct
spelling (e.g., `I\hbox'). Otherwise just continue,
and I'll forget about whatever was undefined.

! Undefined control sequence.
\\tribullet [#1]#2->\scaleboxto 
                                (0,#1){\pspicture [](0.00,-1.28)(1.12,1.00)\...
l.123 }
       
The control sequence at the end of the top line
of your error message was never \def'ed. If you have
misspelled it (e.g., `\hobx'), type `I' and the correct
spelling (e.g., `I\hbox'). Otherwise just continue,
and I'll forget about whatever was undefined.

! Undefined control sequence.
\\tribullet [#1]#2->\scaleboxto 
                                (0,#1){\pspicture [](0.00,-1.28)(1.12,1.00)\...
l.123 }
       
The control sequence at the end of the top line
of your error message was never \def'ed. If you have
misspelled it (e.g., `\hobx'), type `I' and the correct
spelling (e.g., `I\hbox'). Otherwise just continue,
and I'll forget about whatever was undefined.

! Undefined control sequence.
\\tribullet [#1]#2->\scaleboxto 
                                (0,#1){\pspicture [](0.00,-1.28)(1.12,1.00)\...
l.123 }
       
The control sequence at the end of the top line
of your error message was never \def'ed. If you have
misspelled it (e.g., `\hobx'), type `I' and the correct
spelling (e.g., `I\hbox'). Otherwise just continue,
and I'll forget about whatever was undefined.

LaTeX Font Info:    Font shape `OT1/pag/m/it' in size <9> not available
(Font)              Font shape `OT1/pag/m/sl' tried instead on input line 123.
! Undefined control sequence.
\\tribullet [#1]#2->\scaleboxto 
                                (0,#1){\pspicture [](0.00,-1.28)(1.12,1.00)\...
l.123 }
       
The control sequence at the end of the top line
of your error message was never \def'ed. If you have
misspelled it (e.g., `\hobx'), type `I' and the correct
spelling (e.g., `I\hbox'). Otherwise just continue,
and I'll forget about whatever was undefined.

! Undefined control sequence.
\\tribullet [#1]#2->\scaleboxto 
                                (0,#1){\pspicture [](0.00,-1.28)(1.12,1.00)\...
l.123 }
       
The control sequence at the end of the top line
of your error message was never \def'ed. If you have
misspelled it (e.g., `\hobx'), type `I' and the correct
spelling (e.g., `I\hbox'). Otherwise just continue,
and I'll forget about whatever was undefined.

LaTeX Font Info:    Font shape `OT1/pag/m/it' in size <7> not available
(Font)              Font shape `OT1/pag/m/sl' tried instead on input line 123.
! Undefined control sequence.
<argument> ...lse def} if} ifelse} def \tx@InitOL 
                                                  /TheOL 0 def end
l.123 }
       
The control sequence at the end of the top line
of your error message was never \def'ed. If you have
misspelled it (e.g., `\hobx'), type `I' and the correct
spelling (e.g., `I\hbox'). Otherwise just continue,
and I'll forget about whatever was undefined.

[2

]
! Undefined control sequence.
\\tribullet [#1]#2->\scaleboxto 
                                (0,#1){\pspicture [](0.00,-1.28)(1.12,1.00)\...
l.123 }
       
The control sequence at the end of the top line
of your error message was never \def'ed. If you have
misspelled it (e.g., `\hobx'), type `I' and the correct
spelling (e.g., `I\hbox'). Otherwise just continue,
and I'll forget about whatever was undefined.

! Undefined control sequence.
\\tribullet [#1]#2->\scaleboxto 
                                (0,#1){\pspicture [](0.00,-1.28)(1.12,1.00)\...
l.123 }
       
The control sequence at the end of the top line
of your error message was never \def'ed. If you have
misspelled it (e.g., `\hobx'), type `I' and the correct
spelling (e.g., `I\hbox'). Otherwise just continue,
and I'll forget about whatever was undefined.

! Undefined control sequence.
\\tribullet [#1]#2->\scaleboxto 
                                (0,#1){\pspicture [](0.00,-1.28)(1.12,1.00)\...
l.123 }
       
The control sequence at the end of the top line
of your error message was never \def'ed. If you have
misspelled it (e.g., `\hobx'), type `I' and the correct
spelling (e.g., `I\hbox'). Otherwise just continue,
and I'll forget about whatever was undefined.

! Undefined control sequence.
\\tribullet [#1]#2->\scaleboxto 
                                (0,#1){\pspicture [](0.00,-1.28)(1.12,1.00)\...
l.123 }
       
The control sequence at the end of the top line
of your error message was never \def'ed. If you have
misspelled it (e.g., `\hobx'), type `I' and the correct
spelling (e.g., `I\hbox'). Otherwise just continue,
and I'll forget about whatever was undefined.

! Undefined control sequence.
\\tribullet [#1]#2->\scaleboxto 
                                (0,#1){\pspicture [](0.00,-1.28)(1.12,1.00)\...
l.123 }
       
The control sequence at the end of the top line
of your error message was never \def'ed. If you have
misspelled it (e.g., `\hobx'), type `I' and the correct
spelling (e.g., `I\hbox'). Otherwise just continue,
and I'll forget about whatever was undefined.

! Undefined control sequence.
\\tribullet [#1]#2->\scaleboxto 
                                (0,#1){\pspicture [](0.00,-1.28)(1.12,1.00)\...
l.123 }
       
The control sequence at the end of the top line
of your error message was never \def'ed. If you have
misspelled it (e.g., `\hobx'), type `I' and the correct
spelling (e.g., `I\hbox'). Otherwise just continue,
and I'll forget about whatever was undefined.

! Undefined control sequence.
\\tribullet [#1]#2->\scaleboxto 
                                (0,#1){\pspicture [](0.00,-1.28)(1.12,1.00)\...
l.123 }
       
The control sequence at the end of the top line
of your error message was never \def'ed. If you have
misspelled it (e.g., `\hobx'), type `I' and the correct
spelling (e.g., `I\hbox'). Otherwise just continue,
and I'll forget about whatever was undefined.

! Undefined control sequence.
<argument> ...lse def} if} ifelse} def \tx@InitOL 
                                                  /TheOL 0 def end
l.123 }
       
The control sequence at the end of the top line
of your error message was never \def'ed. If you have
misspelled it (e.g., `\hobx'), type `I' and the correct
spelling (e.g., `I\hbox'). Otherwise just continue,
and I'll forget about whatever was undefined.

[2

]
! Undefined control sequence.
<argument> ...lse def} if} ifelse} def \tx@InitOL 
                                                  /TheOL 0 def end
l.168 }
       
The control sequence at the end of the top line
of your error message was never \def'ed. If you have
misspelled it (e.g., `\hobx'), type `I' and the correct
spelling (e.g., `I\hbox'). Otherwise just continue,
and I'll forget about whatever was undefined.

[3

]
! Undefined control sequence.
<argument> ...lse def} if} ifelse} def \tx@InitOL 
                                                  /TheOL 0 def end
l.168 }
       
The control sequence at the end of the top line
of your error message was never \def'ed. If you have
misspelled it (e.g., `\hobx'), type `I' and the correct
spelling (e.g., `I\hbox'). Otherwise just continue,
and I'll forget about whatever was undefined.

[3

]
Overfull \hbox (2.17784pt too wide) detected at line 225
[]
 []

[4

]
LaTeX Font Info:    Font shape `OT1/pag/bx/n' in size <9> not available
(Font)              Font shape `OT1/pag/b/n' tried instead on input line 285.
LaTeX Font Info:    Font shape `OT1/pag/b/n' in size <9> not available
(Font)              Font shape `OT1/pag/db/n' tried instead on input line 285.
LaTeX Font Info:    Font shape `OT1/pag/bx/sl' in size <9> not available
(Font)              Font shape `OT1/pag/b/sl' tried instead on input line 285.
LaTeX Font Info:    Font shape `OT1/pag/b/sl' in size <9> not available
(Font)              Font shape `OT1/pag/db/sl' tried instead on input line 285.


Overfull \hbox (2.70355pt too wide) detected at line 285
\OMS/cmsy/m/n/9 )  [][] \OML/cmm/m/it/9 v[] \OMS/cmsy/m/n/9 ^^A []\OT1/cmr/m/n/
9 (\OMS/cmsy/m/n/9 r[]\OML/cmm/m/it/9 v[]\OT1/cmr/m/n/9 )\OML/cmm/m/it/9 n[] da
 \OMS/cmsy/m/n/9 ^^@ [][] jr[]\OML/cmm/m/it/9 v[]\OMS/cmsy/m/n/9 j[] \OML/cmm/m
/it/9 dy \OMS/cmsy/m/n/9 ^^@ [][] \OML/cmm/m/it/9 p[] v[] \OMS/cmsy/m/n/9 ^^A \
OML/cmm/m/it/9 n da \OT1/cmr/m/n/9 + [][] \OML/cmm/m/it/9 p[] [][] v[] dy \OT1/
cmr/m/n/9 = 0
 []

! Undefined control sequence.
<argument> ...lse def} if} ifelse} def \tx@InitOL 
                                                  /TheOL 0 def end
l.285 }
        % end overlays
The control sequence at the end of the top line
of your error message was never \def'ed. If you have
misspelled it (e.g., `\hobx'), type `I' and the correct
spelling (e.g., `I\hbox'). Otherwise just continue,
and I'll forget about whatever was undefined.

[5

]
Overfull \hbox (2.70355pt too wide) detected at line 285
\OMS/cmsy/m/n/9 )  [][] \OML/cmm/m/it/9 v[] \OMS/cmsy/m/n/9 ^^A []\OT1/cmr/m/n/
9 (\OMS/cmsy/m/n/9 r[]\OML/cmm/m/it/9 v[]\OT1/cmr/m/n/9 )\OML/cmm/m/it/9 n[] da
 \OMS/cmsy/m/n/9 ^^@ [][] jr[]\OML/cmm/m/it/9 v[]\OMS/cmsy/m/n/9 j[] \OML/cmm/m
/it/9 dy \OMS/cmsy/m/n/9 ^^@ [][] \OML/cmm/m/it/9 p[] v[] \OMS/cmsy/m/n/9 ^^A \
OML/cmm/m/it/9 n da \OT1/cmr/m/n/9 + [][] \OML/cmm/m/it/9 p[] [][] v[] dy \OT1/
cmr/m/n/9 = 0
 []

! Undefined control sequence.
<argument> ...lse def} if} ifelse} def \tx@InitOL 
                                                  /TheOL 0 def end
l.285 }
        % end overlays
The control sequence at the end of the top line
of your error message was never \def'ed. If you have
misspelled it (e.g., `\hobx'), type `I' and the correct
spelling (e.g., `I\hbox'). Otherwise just continue,
and I'll forget about whatever was undefined.

[5

]
Overfull \hbox (15.87852pt too wide) detected at line 337
[]
 []

! Undefined control sequence.
<argument> ...lse def} if} ifelse} def \tx@InitOL 
                                                  /TheOL 0 def end
l.337 }
        % end overlays
The control sequence at the end of the top line
of your error message was never \def'ed. If you have
misspelled it (e.g., `\hobx'), type `I' and the correct
spelling (e.g., `I\hbox'). Otherwise just continue,
and I'll forget about whatever was undefined.

[6

]
Overfull \hbox (15.87852pt too wide) detected at line 337
[]
 []

! Undefined control sequence.
<argument> ...lse def} if} ifelse} def \tx@InitOL 
                                                  /TheOL 0 def end
l.337 }
        % end overlays
The control sequence at the end of the top line
of your error message was never \def'ed. If you have
misspelled it (e.g., `\hobx'), type `I' and the correct
spelling (e.g., `I\hbox'). Otherwise just continue,
and I'll forget about whatever was undefined.

[6

]
Overfull \hbox (15.87852pt too wide) detected at line 337
[]
 []

! Undefined control sequence.
<argument> ...lse def} if} ifelse} def \tx@InitOL 
                                                  /TheOL 0 def end
l.337 }
        % end overlays
The control sequence at the end of the top line
of your error message was never \def'ed. If you have
misspelled it (e.g., `\hobx'), type `I' and the correct
spelling (e.g., `I\hbox'). Otherwise just continue,
and I'll forget about whatever was undefined.

[6

]
Overfull \hbox (15.87852pt too wide) detected at line 337
[]
 []

! Undefined control sequence.
<argument> ...lse def} if} ifelse} def \tx@InitOL 
                                                  /TheOL 0 def end
l.337 }
        % end overlays
The control sequence at the end of the top line
of your error message was never \def'ed. If you have
misspelled it (e.g., `\hobx'), type `I' and the correct
spelling (e.g., `I\hbox'). Otherwise just continue,
and I'll forget about whatever was undefined.

[6

]
! Undefined control sequence.
<argument> ...lse def} if} ifelse} def \tx@InitOL 
                                                  /TheOL 0 def end
l.389 }
        % end overlays
The control sequence at the end of the top line
of your error message was never \def'ed. If you have
misspelled it (e.g., `\hobx'), type `I' and the correct
spelling (e.g., `I\hbox'). Otherwise just continue,
and I'll forget about whatever was undefined.

[7

]
! Undefined control sequence.
<argument> ...lse def} if} ifelse} def \tx@InitOL 
                                                  /TheOL 0 def end
l.389 }
        % end overlays
The control sequence at the end of the top line
of your error message was never \def'ed. If you have
misspelled it (e.g., `\hobx'), type `I' and the correct
spelling (e.g., `I\hbox'). Otherwise just continue,
and I'll forget about whatever was undefined.

[7

]
! Undefined control sequence.
<argument> ...lse def} if} ifelse} def \tx@InitOL 
                                                  /TheOL 0 def end
l.389 }
        % end overlays
The control sequence at the end of the top line
of your error message was never \def'ed. If you have
misspelled it (e.g., `\hobx'), type `I' and the correct
spelling (e.g., `I\hbox'). Otherwise just continue,
and I'll forget about whatever was undefined.

[7

]
! Undefined control sequence.
<argument> ...lse def} if} ifelse} def \tx@InitOL 
                                                  /TheOL 0 def end
l.389 }
        % end overlays
The control sequence at the end of the top line
of your error message was never \def'ed. If you have
misspelled it (e.g., `\hobx'), type `I' and the correct
spelling (e.g., `I\hbox'). Otherwise just continue,
and I'll forget about whatever was undefined.

[7

] [8

]
File: ns-2d-u.eps Graphic file (type eps)
 <ns-2d-u.eps>
File: ns-2d-v.eps Graphic file (type eps)
 <ns-2d-v.eps>
File: ns-2d-p.eps Graphic file (type eps)
 <ns-2d-p.eps> [9

]
! Undefined control sequence.
\\tribullet [#1]#2->\scaleboxto 
                                (0,#1){\pspicture [](0.00,-1.28)(1.12,1.00)\...
l.489 }
        % end overlays
The control sequence at the end of the top line
of your error message was never \def'ed. If you have
misspelled it (e.g., `\hobx'), type `I' and the correct
spelling (e.g., `I\hbox'). Otherwise just continue,
and I'll forget about whatever was undefined.

! Undefined control sequence.
\\tribullet [#1]#2->\scaleboxto 
                                (0,#1){\pspicture [](0.00,-1.28)(1.12,1.00)\...
l.489 }
        % end overlays
The control sequence at the end of the top line
of your error message was never \def'ed. If you have
misspelled it (e.g., `\hobx'), type `I' and the correct
spelling (e.g., `I\hbox'). Otherwise just continue,
and I'll forget about whatever was undefined.

! Undefined control sequence.
\\tribullet [#1]#2->\scaleboxto 
                                (0,#1){\pspicture [](0.00,-1.28)(1.12,1.00)\...
l.489 }
        % end overlays
The control sequence at the end of the top line
of your error message was never \def'ed. If you have
misspelled it (e.g., `\hobx'), type `I' and the correct
spelling (e.g., `I\hbox'). Otherwise just continue,
and I'll forget about whatever was undefined.

! Undefined control sequence.
\\tribullet [#1]#2->\scaleboxto 
                                (0,#1){\pspicture [](0.00,-1.28)(1.12,1.00)\...
l.489 }
        % end overlays
The control sequence at the end of the top line
of your error message was never \def'ed. If you have
misspelled it (e.g., `\hobx'), type `I' and the correct
spelling (e.g., `I\hbox'). Otherwise just continue,
and I'll forget about whatever was undefined.

! Undefined control sequence.
\\tribullet [#1]#2->\scaleboxto 
                                (0,#1){\pspicture [](0.00,-1.28)(1.12,1.00)\...
l.489 }
        % end overlays
The control sequence at the end of the top line
of your error message was never \def'ed. If you have
misspelled it (e.g., `\hobx'), type `I' and the correct
spelling (e.g., `I\hbox'). Otherwise just continue,
and I'll forget about whatever was undefined.

! Undefined control sequence.
\\tribullet [#1]#2->\scaleboxto 
                                (0,#1){\pspicture [](0.00,-1.28)(1.12,1.00)\...
l.489 }
        % end overlays
The control sequence at the end of the top line
of your error message was never \def'ed. If you have
misspelled it (e.g., `\hobx'), type `I' and the correct
spelling (e.g., `I\hbox'). Otherwise just continue,
and I'll forget about whatever was undefined.

! Undefined control sequence.
\\tribullet [#1]#2->\scaleboxto 
                                (0,#1){\pspicture [](0.00,-1.28)(1.12,1.00)\...
l.489 }
        % end overlays
The control sequence at the end of the top line
of your error message was never \def'ed. If you have
misspelled it (e.g., `\hobx'), type `I' and the correct
spelling (e.g., `I\hbox'). Otherwise just continue,
and I'll forget about whatever was undefined.

! Undefined control sequence.
\\tribullet [#1]#2->\scaleboxto 
                                (0,#1){\pspicture [](0.00,-1.28)(1.12,1.00)\...
l.489 }
        % end overlays
The control sequence at the end of the top line
of your error message was never \def'ed. If you have
misspelled it (e.g., `\hobx'), type `I' and the correct
spelling (e.g., `I\hbox'). Otherwise just continue,
and I'll forget about whatever was undefined.

! Undefined control sequence.
\\tribullet [#1]#2->\scaleboxto 
                                (0,#1){\pspicture [](0.00,-1.28)(1.12,1.00)\...
l.489 }
        % end overlays
The control sequence at the end of the top line
of your error message was never \def'ed. If you have
misspelled it (e.g., `\hobx'), type `I' and the correct
spelling (e.g., `I\hbox'). Otherwise just continue,
and I'll forget about whatever was undefined.

! Undefined control sequence.
<argument> ...lse def} if} ifelse} def \tx@InitOL 
                                                  /TheOL 0 def end
l.489 }
        % end overlays
The control sequence at the end of the top line
of your error message was never \def'ed. If you have
misspelled it (e.g., `\hobx'), type `I' and the correct
spelling (e.g., `I\hbox'). Otherwise just continue,
and I'll forget about whatever was undefined.

[10

]
! Undefined control sequence.
\\tribullet [#1]#2->\scaleboxto 
                                (0,#1){\pspicture [](0.00,-1.28)(1.12,1.00)\...
l.489 }
        % end overlays
The control sequence at the end of the top line
of your error message was never \def'ed. If you have
misspelled it (e.g., `\hobx'), type `I' and the correct
spelling (e.g., `I\hbox'). Otherwise just continue,
and I'll forget about whatever was undefined.

! Undefined control sequence.
\\tribullet [#1]#2->\scaleboxto 
                                (0,#1){\pspicture [](0.00,-1.28)(1.12,1.00)\...
l.489 }
        % end overlays
The control sequence at the end of the top line
of your error message was never \def'ed. If you have
misspelled it (e.g., `\hobx'), type `I' and the correct
spelling (e.g., `I\hbox'). Otherwise just continue,
and I'll forget about whatever was undefined.

! Undefined control sequence.
\\tribullet [#1]#2->\scaleboxto 
                                (0,#1){\pspicture [](0.00,-1.28)(1.12,1.00)\...
l.489 }
        % end overlays
The control sequence at the end of the top line
of your error message was never \def'ed. If you have
misspelled it (e.g., `\hobx'), type `I' and the correct
spelling (e.g., `I\hbox'). Otherwise just continue,
and I'll forget about whatever was undefined.

! Undefined control sequence.
\\tribullet [#1]#2->\scaleboxto 
                                (0,#1){\pspicture [](0.00,-1.28)(1.12,1.00)\...
l.489 }
        % end overlays
The control sequence at the end of the top line
of your error message was never \def'ed. If you have
misspelled it (e.g., `\hobx'), type `I' and the correct
spelling (e.g., `I\hbox'). Otherwise just continue,
and I'll forget about whatever was undefined.

! Undefined control sequence.
\\tribullet [#1]#2->\scaleboxto 
                                (0,#1){\pspicture [](0.00,-1.28)(1.12,1.00)\...
l.489 }
        % end overlays
The control sequence at the end of the top line
of your error message was never \def'ed. If you have
misspelled it (e.g., `\hobx'), type `I' and the correct
spelling (e.g., `I\hbox'). Otherwise just continue,
and I'll forget about whatever was undefined.

! Undefined control sequence.
\\tribullet [#1]#2->\scaleboxto 
                                (0,#1){\pspicture [](0.00,-1.28)(1.12,1.00)\...
l.489 }
        % end overlays
The control sequence at the end of the top line
of your error message was never \def'ed. If you have
misspelled it (e.g., `\hobx'), type `I' and the correct
spelling (e.g., `I\hbox'). Otherwise just continue,
and I'll forget about whatever was undefined.

! Undefined control sequence.
\\tribullet [#1]#2->\scaleboxto 
                                (0,#1){\pspicture [](0.00,-1.28)(1.12,1.00)\...
l.489 }
        % end overlays
The control sequence at the end of the top line
of your error message was never \def'ed. If you have
misspelled it (e.g., `\hobx'), type `I' and the correct
spelling (e.g., `I\hbox'). Otherwise just continue,
and I'll forget about whatever was undefined.

! Undefined control sequence.
\\tribullet [#1]#2->\scaleboxto 
                                (0,#1){\pspicture [](0.00,-1.28)(1.12,1.00)\...
l.489 }
        % end overlays
The control sequence at the end of the top line
of your error message was never \def'ed. If you have
misspelled it (e.g., `\hobx'), type `I' and the correct
spelling (e.g., `I\hbox'). Otherwise just continue,
and I'll forget about whatever was undefined.

! Undefined control sequence.
\\tribullet [#1]#2->\scaleboxto 
                                (0,#1){\pspicture [](0.00,-1.28)(1.12,1.00)\...
l.489 }
        % end overlays
The control sequence at the end of the top line
of your error message was never \def'ed. If you have
misspelled it (e.g., `\hobx'), type `I' and the correct
spelling (e.g., `I\hbox'). Otherwise just continue,
and I'll forget about whatever was undefined.

! Undefined control sequence.
<argument> ...lse def} if} ifelse} def \tx@InitOL 
                                                  /TheOL 0 def end
l.489 }
        % end overlays
The control sequence at the end of the top line
of your error message was never \def'ed. If you have
misspelled it (e.g., `\hobx'), type `I' and the correct
spelling (e.g., `I\hbox'). Otherwise just continue,
and I'll forget about whatever was undefined.

[10

]
! Undefined control sequence.
\\tribullet [#1]#2->\scaleboxto 
                                (0,#1){\pspicture [](0.00,-1.28)(1.12,1.00)\...
l.489 }
        % end overlays
The control sequence at the end of the top line
of your error message was never \def'ed. If you have
misspelled it (e.g., `\hobx'), type `I' and the correct
spelling (e.g., `I\hbox'). Otherwise just continue,
and I'll forget about whatever was undefined.

! Undefined control sequence.
\\tribullet [#1]#2->\scaleboxto 
                                (0,#1){\pspicture [](0.00,-1.28)(1.12,1.00)\...
l.489 }
        % end overlays
The control sequence at the end of the top line
of your error message was never \def'ed. If you have
misspelled it (e.g., `\hobx'), type `I' and the correct
spelling (e.g., `I\hbox'). Otherwise just continue,
and I'll forget about whatever was undefined.

! Undefined control sequence.
\\tribullet [#1]#2->\scaleboxto 
                                (0,#1){\pspicture [](0.00,-1.28)(1.12,1.00)\...
l.489 }
        % end overlays
The control sequence at the end of the top line
of your error message was never \def'ed. If you have
misspelled it (e.g., `\hobx'), type `I' and the correct
spelling (e.g., `I\hbox'). Otherwise just continue,
and I'll forget about whatever was undefined.

! Undefined control sequence.
\\tribullet [#1]#2->\scaleboxto 
                                (0,#1){\pspicture [](0.00,-1.28)(1.12,1.00)\...
l.489 }
        % end overlays
The control sequence at the end of the top line
of your error message was never \def'ed. If you have
misspelled it (e.g., `\hobx'), type `I' and the correct
spelling (e.g., `I\hbox'). Otherwise just continue,
and I'll forget about whatever was undefined.

! Undefined control sequence.
\\tribullet [#1]#2->\scaleboxto 
                                (0,#1){\pspicture [](0.00,-1.28)(1.12,1.00)\...
l.489 }
        % end overlays
The control sequence at the end of the top line
of your error message was never \def'ed. If you have
misspelled it (e.g., `\hobx'), type `I' and the correct
spelling (e.g., `I\hbox'). Otherwise just continue,
and I'll forget about whatever was undefined.

! Undefined control sequence.
\\tribullet [#1]#2->\scaleboxto 
                                (0,#1){\pspicture [](0.00,-1.28)(1.12,1.00)\...
l.489 }
        % end overlays
The control sequence at the end of the top line
of your error message was never \def'ed. If you have
misspelled it (e.g., `\hobx'), type `I' and the correct
spelling (e.g., `I\hbox'). Otherwise just continue,
and I'll forget about whatever was undefined.

! Undefined control sequence.
\\tribullet [#1]#2->\scaleboxto 
                                (0,#1){\pspicture [](0.00,-1.28)(1.12,1.00)\...
l.489 }
        % end overlays
The control sequence at the end of the top line
of your error message was never \def'ed. If you have
misspelled it (e.g., `\hobx'), type `I' and the correct
spelling (e.g., `I\hbox'). Otherwise just continue,
and I'll forget about whatever was undefined.

! Undefined control sequence.
\\tribullet [#1]#2->\scaleboxto 
                                (0,#1){\pspicture [](0.00,-1.28)(1.12,1.00)\...
l.489 }
        % end overlays
The control sequence at the end of the top line
of your error message was never \def'ed. If you have
misspelled it (e.g., `\hobx'), type `I' and the correct
spelling (e.g., `I\hbox'). Otherwise just continue,
and I'll forget about whatever was undefined.

! Undefined control sequence.
\\tribullet [#1]#2->\scaleboxto 
                                (0,#1){\pspicture [](0.00,-1.28)(1.12,1.00)\...
l.489 }
        % end overlays
The control sequence at the end of the top line
of your error message was never \def'ed. If you have
misspelled it (e.g., `\hobx'), type `I' and the correct
spelling (e.g., `I\hbox'). Otherwise just continue,
and I'll forget about whatever was undefined.

! Undefined control sequence.
<argument> ...lse def} if} ifelse} def \tx@InitOL 
                                                  /TheOL 0 def end
l.489 }
        % end overlays
The control sequence at the end of the top line
of your error message was never \def'ed. If you have
misspelled it (e.g., `\hobx'), type `I' and the correct
spelling (e.g., `I\hbox'). Otherwise just continue,
and I'll forget about whatever was undefined.

[10

]
! Undefined control sequence.
\\tribullet [#1]#2->\scaleboxto 
                                (0,#1){\pspicture [](0.00,-1.28)(1.12,1.00)\...
l.489 }
        % end overlays
The control sequence at the end of the top line
of your error message was never \def'ed. If you have
misspelled it (e.g., `\hobx'), type `I' and the correct
spelling (e.g., `I\hbox'). Otherwise just continue,
and I'll forget about whatever was undefined.

! Undefined control sequence.
\\tribullet [#1]#2->\scaleboxto 
                                (0,#1){\pspicture [](0.00,-1.28)(1.12,1.00)\...
l.489 }
        % end overlays
The control sequence at the end of the top line
of your error message was never \def'ed. If you have
misspelled it (e.g., `\hobx'), type `I' and the correct
spelling (e.g., `I\hbox'). Otherwise just continue,
and I'll forget about whatever was undefined.

! Undefined control sequence.
\\tribullet [#1]#2->\scaleboxto 
                                (0,#1){\pspicture [](0.00,-1.28)(1.12,1.00)\...
l.489 }
        % end overlays
The control sequence at the end of the top line
of your error message was never \def'ed. If you have
misspelled it (e.g., `\hobx'), type `I' and the correct
spelling (e.g., `I\hbox'). Otherwise just continue,
and I'll forget about whatever was undefined.

! Undefined control sequence.
\\tribullet [#1]#2->\scaleboxto 
                                (0,#1){\pspicture [](0.00,-1.28)(1.12,1.00)\...
l.489 }
        % end overlays
The control sequence at the end of the top line
of your error message was never \def'ed. If you have
misspelled it (e.g., `\hobx'), type `I' and the correct
spelling (e.g., `I\hbox'). Otherwise just continue,
and I'll forget about whatever was undefined.

! Undefined control sequence.
\\tribullet [#1]#2->\scaleboxto 
                                (0,#1){\pspicture [](0.00,-1.28)(1.12,1.00)\...
l.489 }
        % end overlays
The control sequence at the end of the top line
of your error message was never \def'ed. If you have
misspelled it (e.g., `\hobx'), type `I' and the correct
spelling (e.g., `I\hbox'). Otherwise just continue,
and I'll forget about whatever was undefined.

! Undefined control sequence.
\\tribullet [#1]#2->\scaleboxto 
                                (0,#1){\pspicture [](0.00,-1.28)(1.12,1.00)\...
l.489 }
        % end overlays
The control sequence at the end of the top line
of your error message was never \def'ed. If you have
misspelled it (e.g., `\hobx'), type `I' and the correct
spelling (e.g., `I\hbox'). Otherwise just continue,
and I'll forget about whatever was undefined.

! Undefined control sequence.
\\tribullet [#1]#2->\scaleboxto 
                                (0,#1){\pspicture [](0.00,-1.28)(1.12,1.00)\...
l.489 }
        % end overlays
The control sequence at the end of the top line
of your error message was never \def'ed. If you have
misspelled it (e.g., `\hobx'), type `I' and the correct
spelling (e.g., `I\hbox'). Otherwise just continue,
and I'll forget about whatever was undefined.

! Undefined control sequence.
\\tribullet [#1]#2->\scaleboxto 
                                (0,#1){\pspicture [](0.00,-1.28)(1.12,1.00)\...
l.489 }
        % end overlays
The control sequence at the end of the top line
of your error message was never \def'ed. If you have
misspelled it (e.g., `\hobx'), type `I' and the correct
spelling (e.g., `I\hbox'). Otherwise just continue,
and I'll forget about whatever was undefined.

! Undefined control sequence.
\\tribullet [#1]#2->\scaleboxto 
                                (0,#1){\pspicture [](0.00,-1.28)(1.12,1.00)\...
l.489 }
        % end overlays
The control sequence at the end of the top line
of your error message was never \def'ed. If you have
misspelled it (e.g., `\hobx'), type `I' and the correct
spelling (e.g., `I\hbox'). Otherwise just continue,
and I'll forget about whatever was undefined.

! Undefined control sequence.
<argument> ...lse def} if} ifelse} def \tx@InitOL 
                                                  /TheOL 0 def end
l.489 }
        % end overlays
The control sequence at the end of the top line
of your error message was never \def'ed. If you have
misspelled it (e.g., `\hobx'), type `I' and the correct
spelling (e.g., `I\hbox'). Otherwise just continue,
and I'll forget about whatever was undefined.

[10

]
! Undefined control sequence.
\\tribullet [#1]#2->\scaleboxto 
                                (0,#1){\pspicture [](0.00,-1.28)(1.12,1.00)\...
l.489 }
        % end overlays
The control sequence at the end of the top line
of your error message was never \def'ed. If you have
misspelled it (e.g., `\hobx'), type `I' and the correct
spelling (e.g., `I\hbox'). Otherwise just continue,
and I'll forget about whatever was undefined.

! Undefined control sequence.
\\tribullet [#1]#2->\scaleboxto 
                                (0,#1){\pspicture [](0.00,-1.28)(1.12,1.00)\...
l.489 }
        % end overlays
The control sequence at the end of the top line
of your error message was never \def'ed. If you have
misspelled it (e.g., `\hobx'), type `I' and the correct
spelling (e.g., `I\hbox'). Otherwise just continue,
and I'll forget about whatever was undefined.

! Undefined control sequence.
\\tribullet [#1]#2->\scaleboxto 
                                (0,#1){\pspicture [](0.00,-1.28)(1.12,1.00)\...
l.489 }
        % end overlays
The control sequence at the end of the top line
of your error message was never \def'ed. If you have
misspelled it (e.g., `\hobx'), type `I' and the correct
spelling (e.g., `I\hbox'). Otherwise just continue,
and I'll forget about whatever was undefined.

! Undefined control sequence.
\\tribullet [#1]#2->\scaleboxto 
                                (0,#1){\pspicture [](0.00,-1.28)(1.12,1.00)\...
l.489 }
        % end overlays
The control sequence at the end of the top line
of your error message was never \def'ed. If you have
misspelled it (e.g., `\hobx'), type `I' and the correct
spelling (e.g., `I\hbox'). Otherwise just continue,
and I'll forget about whatever was undefined.

! Undefined control sequence.
\\tribullet [#1]#2->\scaleboxto 
                                (0,#1){\pspicture [](0.00,-1.28)(1.12,1.00)\...
l.489 }
        % end overlays
The control sequence at the end of the top line
of your error message was never \def'ed. If you have
misspelled it (e.g., `\hobx'), type `I' and the correct
spelling (e.g., `I\hbox'). Otherwise just continue,
and I'll forget about whatever was undefined.

! Undefined control sequence.
\\tribullet [#1]#2->\scaleboxto 
                                (0,#1){\pspicture [](0.00,-1.28)(1.12,1.00)\...
l.489 }
        % end overlays
The control sequence at the end of the top line
of your error message was never \def'ed. If you have
misspelled it (e.g., `\hobx'), type `I' and the correct
spelling (e.g., `I\hbox'). Otherwise just continue,
and I'll forget about whatever was undefined.

! Undefined control sequence.
\\tribullet [#1]#2->\scaleboxto 
                                (0,#1){\pspicture [](0.00,-1.28)(1.12,1.00)\...
l.489 }
        % end overlays
The control sequence at the end of the top line
of your error message was never \def'ed. If you have
misspelled it (e.g., `\hobx'), type `I' and the correct
spelling (e.g., `I\hbox'). Otherwise just continue,
and I'll forget about whatever was undefined.

! Undefined control sequence.
\\tribullet [#1]#2->\scaleboxto 
                                (0,#1){\pspicture [](0.00,-1.28)(1.12,1.00)\...
l.489 }
        % end overlays
The control sequence at the end of the top line
of your error message was never \def'ed. If you have
misspelled it (e.g., `\hobx'), type `I' and the correct
spelling (e.g., `I\hbox'). Otherwise just continue,
and I'll forget about whatever was undefined.

! Undefined control sequence.
\\tribullet [#1]#2->\scaleboxto 
                                (0,#1){\pspicture [](0.00,-1.28)(1.12,1.00)\...
l.489 }
        % end overlays
The control sequence at the end of the top line
of your error message was never \def'ed. If you have
misspelled it (e.g., `\hobx'), type `I' and the correct
spelling (e.g., `I\hbox'). Otherwise just continue,
and I'll forget about whatever was undefined.

! Undefined control sequence.
<argument> ...lse def} if} ifelse} def \tx@InitOL 
                                                  /TheOL 0 def end
l.489 }
        % end overlays
The control sequence at the end of the top line
of your error message was never \def'ed. If you have
misspelled it (e.g., `\hobx'), type `I' and the correct
spelling (e.g., `I\hbox'). Otherwise just continue,
and I'll forget about whatever was undefined.

[10

]
! Undefined control sequence.
\\tribullet [#1]#2->\scaleboxto 
                                (0,#1){\pspicture [](0.00,-1.28)(1.12,1.00)\...
l.489 }
        % end overlays
The control sequence at the end of the top line
of your error message was never \def'ed. If you have
misspelled it (e.g., `\hobx'), type `I' and the correct
spelling (e.g., `I\hbox'). Otherwise just continue,
and I'll forget about whatever was undefined.

! Undefined control sequence.
\\tribullet [#1]#2->\scaleboxto 
                                (0,#1){\pspicture [](0.00,-1.28)(1.12,1.00)\...
l.489 }
        % end overlays
The control sequence at the end of the top line
of your error message was never \def'ed. If you have
misspelled it (e.g., `\hobx'), type `I' and the correct
spelling (e.g., `I\hbox'). Otherwise just continue,
and I'll forget about whatever was undefined.

! Undefined control sequence.
\\tribullet [#1]#2->\scaleboxto 
                                (0,#1){\pspicture [](0.00,-1.28)(1.12,1.00)\...
l.489 }
        % end overlays
The control sequence at the end of the top line
of your error message was never \def'ed. If you have
misspelled it (e.g., `\hobx'), type `I' and the correct
spelling (e.g., `I\hbox'). Otherwise just continue,
and I'll forget about whatever was undefined.

! Undefined control sequence.
\\tribullet [#1]#2->\scaleboxto 
                                (0,#1){\pspicture [](0.00,-1.28)(1.12,1.00)\...
l.489 }
        % end overlays
The control sequence at the end of the top line
of your error message was never \def'ed. If you have
misspelled it (e.g., `\hobx'), type `I' and the correct
spelling (e.g., `I\hbox'). Otherwise just continue,
and I'll forget about whatever was undefined.

! Undefined control sequence.
\\tribullet [#1]#2->\scaleboxto 
                                (0,#1){\pspicture [](0.00,-1.28)(1.12,1.00)\...
l.489 }
        % end overlays
The control sequence at the end of the top line
of your error message was never \def'ed. If you have
misspelled it (e.g., `\hobx'), type `I' and the correct
spelling (e.g., `I\hbox'). Otherwise just continue,
and I'll forget about whatever was undefined.

! Undefined control sequence.
\\tribullet [#1]#2->\scaleboxto 
                                (0,#1){\pspicture [](0.00,-1.28)(1.12,1.00)\...
l.489 }
        % end overlays
The control sequence at the end of the top line
of your error message was never \def'ed. If you have
misspelled it (e.g., `\hobx'), type `I' and the correct
spelling (e.g., `I\hbox'). Otherwise just continue,
and I'll forget about whatever was undefined.

! Undefined control sequence.
\\tribullet [#1]#2->\scaleboxto 
                                (0,#1){\pspicture [](0.00,-1.28)(1.12,1.00)\...
l.489 }
        % end overlays
The control sequence at the end of the top line
of your error message was never \def'ed. If you have
misspelled it (e.g., `\hobx'), type `I' and the correct
spelling (e.g., `I\hbox'). Otherwise just continue,
and I'll forget about whatever was undefined.

! Undefined control sequence.
\\tribullet [#1]#2->\scaleboxto 
                                (0,#1){\pspicture [](0.00,-1.28)(1.12,1.00)\...
l.489 }
        % end overlays
The control sequence at the end of the top line
of your error message was never \def'ed. If you have
misspelled it (e.g., `\hobx'), type `I' and the correct
spelling (e.g., `I\hbox'). Otherwise just continue,
and I'll forget about whatever was undefined.

! Undefined control sequence.
\\tribullet [#1]#2->\scaleboxto 
                                (0,#1){\pspicture [](0.00,-1.28)(1.12,1.00)\...
l.489 }
        % end overlays
The control sequence at the end of the top line
of your error message was never \def'ed. If you have
misspelled it (e.g., `\hobx'), type `I' and the correct
spelling (e.g., `I\hbox'). Otherwise just continue,
and I'll forget about whatever was undefined.

! Undefined control sequence.
<argument> ...lse def} if} ifelse} def \tx@InitOL 
                                                  /TheOL 0 def end
l.489 }
        % end overlays
The control sequence at the end of the top line
of your error message was never \def'ed. If you have
misspelled it (e.g., `\hobx'), type `I' and the correct
spelling (e.g., `I\hbox'). Otherwise just continue,
and I'll forget about whatever was undefined.

[10

]
! Undefined control sequence.
\\tribullet [#1]#2->\scaleboxto 
                                (0,#1){\pspicture [](0.00,-1.28)(1.12,1.00)\...
l.489 }
        % end overlays
The control sequence at the end of the top line
of your error message was never \def'ed. If you have
misspelled it (e.g., `\hobx'), type `I' and the correct
spelling (e.g., `I\hbox'). Otherwise just continue,
and I'll forget about whatever was undefined.

! Undefined control sequence.
\\tribullet [#1]#2->\scaleboxto 
                                (0,#1){\pspicture [](0.00,-1.28)(1.12,1.00)\...
l.489 }
        % end overlays
The control sequence at the end of the top line
of your error message was never \def'ed. If you have
misspelled it (e.g., `\hobx'), type `I' and the correct
spelling (e.g., `I\hbox'). Otherwise just continue,
and I'll forget about whatever was undefined.

! Undefined control sequence.
\\tribullet [#1]#2->\scaleboxto 
                                (0,#1){\pspicture [](0.00,-1.28)(1.12,1.00)\...
l.489 }
        % end overlays
The control sequence at the end of the top line
of your error message was never \def'ed. If you have
misspelled it (e.g., `\hobx'), type `I' and the correct
spelling (e.g., `I\hbox'). Otherwise just continue,
and I'll forget about whatever was undefined.

! Undefined control sequence.
\\tribullet [#1]#2->\scaleboxto 
                                (0,#1){\pspicture [](0.00,-1.28)(1.12,1.00)\...
l.489 }
        % end overlays
The control sequence at the end of the top line
of your error message was never \def'ed. If you have
misspelled it (e.g., `\hobx'), type `I' and the correct
spelling (e.g., `I\hbox'). Otherwise just continue,
and I'll forget about whatever was undefined.

! Undefined control sequence.
\\tribullet [#1]#2->\scaleboxto 
                                (0,#1){\pspicture [](0.00,-1.28)(1.12,1.00)\...
l.489 }
        % end overlays
The control sequence at the end of the top line
of your error message was never \def'ed. If you have
misspelled it (e.g., `\hobx'), type `I' and the correct
spelling (e.g., `I\hbox'). Otherwise just continue,
and I'll forget about whatever was undefined.

! Undefined control sequence.
\\tribullet [#1]#2->\scaleboxto 
                                (0,#1){\pspicture [](0.00,-1.28)(1.12,1.00)\...
l.489 }
        % end overlays
The control sequence at the end of the top line
of your error message was never \def'ed. If you have
misspelled it (e.g., `\hobx'), type `I' and the correct
spelling (e.g., `I\hbox'). Otherwise just continue,
and I'll forget about whatever was undefined.

! Undefined control sequence.
\\tribullet [#1]#2->\scaleboxto 
                                (0,#1){\pspicture [](0.00,-1.28)(1.12,1.00)\...
l.489 }
        % end overlays
The control sequence at the end of the top line
of your error message was never \def'ed. If you have
misspelled it (e.g., `\hobx'), type `I' and the correct
spelling (e.g., `I\hbox'). Otherwise just continue,
and I'll forget about whatever was undefined.

! Undefined control sequence.
\\tribullet [#1]#2->\scaleboxto 
                                (0,#1){\pspicture [](0.00,-1.28)(1.12,1.00)\...
l.489 }
        % end overlays
The control sequence at the end of the top line
of your error message was never \def'ed. If you have
misspelled it (e.g., `\hobx'), type `I' and the correct
spelling (e.g., `I\hbox'). Otherwise just continue,
and I'll forget about whatever was undefined.

! Undefined control sequence.
\\tribullet [#1]#2->\scaleboxto 
                                (0,#1){\pspicture [](0.00,-1.28)(1.12,1.00)\...
l.489 }
        % end overlays
The control sequence at the end of the top line
of your error message was never \def'ed. If you have
misspelled it (e.g., `\hobx'), type `I' and the correct
spelling (e.g., `I\hbox'). Otherwise just continue,
and I'll forget about whatever was undefined.

! Undefined control sequence.
<argument> ...lse def} if} ifelse} def \tx@InitOL 
                                                  /TheOL 0 def end
l.489 }
        % end overlays
The control sequence at the end of the top line
of your error message was never \def'ed. If you have
misspelled it (e.g., `\hobx'), type `I' and the correct
spelling (e.g., `I\hbox'). Otherwise just continue,
and I'll forget about whatever was undefined.

[10

]
! Undefined control sequence.
\\tribullet [#1]#2->\scaleboxto 
                                (0,#1){\pspicture [](0.00,-1.28)(1.12,1.00)\...
l.489 }
        % end overlays
The control sequence at the end of the top line
of your error message was never \def'ed. If you have
misspelled it (e.g., `\hobx'), type `I' and the correct
spelling (e.g., `I\hbox'). Otherwise just continue,
and I'll forget about whatever was undefined.

! Undefined control sequence.
\\tribullet [#1]#2->\scaleboxto 
                                (0,#1){\pspicture [](0.00,-1.28)(1.12,1.00)\...
l.489 }
        % end overlays
The control sequence at the end of the top line
of your error message was never \def'ed. If you have
misspelled it (e.g., `\hobx'), type `I' and the correct
spelling (e.g., `I\hbox'). Otherwise just continue,
and I'll forget about whatever was undefined.

! Undefined control sequence.
\\tribullet [#1]#2->\scaleboxto 
                                (0,#1){\pspicture [](0.00,-1.28)(1.12,1.00)\...
l.489 }
        % end overlays
The control sequence at the end of the top line
of your error message was never \def'ed. If you have
misspelled it (e.g., `\hobx'), type `I' and the correct
spelling (e.g., `I\hbox'). Otherwise just continue,
and I'll forget about whatever was undefined.

! Undefined control sequence.
\\tribullet [#1]#2->\scaleboxto 
                                (0,#1){\pspicture [](0.00,-1.28)(1.12,1.00)\...
l.489 }
        % end overlays
The control sequence at the end of the top line
of your error message was never \def'ed. If you have
misspelled it (e.g., `\hobx'), type `I' and the correct
spelling (e.g., `I\hbox'). Otherwise just continue,
and I'll forget about whatever was undefined.

! Undefined control sequence.
\\tribullet [#1]#2->\scaleboxto 
                                (0,#1){\pspicture [](0.00,-1.28)(1.12,1.00)\...
l.489 }
        % end overlays
The control sequence at the end of the top line
of your error message was never \def'ed. If you have
misspelled it (e.g., `\hobx'), type `I' and the correct
spelling (e.g., `I\hbox'). Otherwise just continue,
and I'll forget about whatever was undefined.

! Undefined control sequence.
\\tribullet [#1]#2->\scaleboxto 
                                (0,#1){\pspicture [](0.00,-1.28)(1.12,1.00)\...
l.489 }
        % end overlays
The control sequence at the end of the top line
of your error message was never \def'ed. If you have
misspelled it (e.g., `\hobx'), type `I' and the correct
spelling (e.g., `I\hbox'). Otherwise just continue,
and I'll forget about whatever was undefined.

! Undefined control sequence.
\\tribullet [#1]#2->\scaleboxto 
                                (0,#1){\pspicture [](0.00,-1.28)(1.12,1.00)\...
l.489 }
        % end overlays
The control sequence at the end of the top line
of your error message was never \def'ed. If you have
misspelled it (e.g., `\hobx'), type `I' and the correct
spelling (e.g., `I\hbox'). Otherwise just continue,
and I'll forget about whatever was undefined.

! Undefined control sequence.
\\tribullet [#1]#2->\scaleboxto 
                                (0,#1){\pspicture [](0.00,-1.28)(1.12,1.00)\...
l.489 }
        % end overlays
The control sequence at the end of the top line
of your error message was never \def'ed. If you have
misspelled it (e.g., `\hobx'), type `I' and the correct
spelling (e.g., `I\hbox'). Otherwise just continue,
and I'll forget about whatever was undefined.

! Undefined control sequence.
\\tribullet [#1]#2->\scaleboxto 
                                (0,#1){\pspicture [](0.00,-1.28)(1.12,1.00)\...
l.489 }
        % end overlays
The control sequence at the end of the top line
of your error message was never \def'ed. If you have
misspelled it (e.g., `\hobx'), type `I' and the correct
spelling (e.g., `I\hbox'). Otherwise just continue,
and I'll forget about whatever was undefined.

! Undefined control sequence.
<argument> ...lse def} if} ifelse} def \tx@InitOL 
                                                  /TheOL 0 def end
l.489 }
        % end overlays
The control sequence at the end of the top line
of your error message was never \def'ed. If you have
misspelled it (e.g., `\hobx'), type `I' and the correct
spelling (e.g., `I\hbox'). Otherwise just continue,
and I'll forget about whatever was undefined.

[10

]
! Undefined control sequence.
\\tribullet [#1]#2->\scaleboxto 
                                (0,#1){\pspicture [](0.00,-1.28)(1.12,1.00)\...
l.489 }
        % end overlays
The control sequence at the end of the top line
of your error message was never \def'ed. If you have
misspelled it (e.g., `\hobx'), type `I' and the correct
spelling (e.g., `I\hbox'). Otherwise just continue,
and I'll forget about whatever was undefined.

! Undefined control sequence.
\\tribullet [#1]#2->\scaleboxto 
                                (0,#1){\pspicture [](0.00,-1.28)(1.12,1.00)\...
l.489 }
        % end overlays
The control sequence at the end of the top line
of your error message was never \def'ed. If you have
misspelled it (e.g., `\hobx'), type `I' and the correct
spelling (e.g., `I\hbox'). Otherwise just continue,
and I'll forget about whatever was undefined.

! Undefined control sequence.
\\tribullet [#1]#2->\scaleboxto 
                                (0,#1){\pspicture [](0.00,-1.28)(1.12,1.00)\...
l.489 }
        % end overlays
The control sequence at the end of the top line
of your error message was never \def'ed. If you have
misspelled it (e.g., `\hobx'), type `I' and the correct
spelling (e.g., `I\hbox'). Otherwise just continue,
and I'll forget about whatever was undefined.

! Undefined control sequence.
\\tribullet [#1]#2->\scaleboxto 
                                (0,#1){\pspicture [](0.00,-1.28)(1.12,1.00)\...
l.489 }
        % end overlays
The control sequence at the end of the top line
of your error message was never \def'ed. If you have
misspelled it (e.g., `\hobx'), type `I' and the correct
spelling (e.g., `I\hbox'). Otherwise just continue,
and I'll forget about whatever was undefined.

! Undefined control sequence.
\\tribullet [#1]#2->\scaleboxto 
                                (0,#1){\pspicture [](0.00,-1.28)(1.12,1.00)\...
l.489 }
        % end overlays
The control sequence at the end of the top line
of your error message was never \def'ed. If you have
misspelled it (e.g., `\hobx'), type `I' and the correct
spelling (e.g., `I\hbox'). Otherwise just continue,
and I'll forget about whatever was undefined.

! Undefined control sequence.
\\tribullet [#1]#2->\scaleboxto 
                                (0,#1){\pspicture [](0.00,-1.28)(1.12,1.00)\...
l.489 }
        % end overlays
The control sequence at the end of the top line
of your error message was never \def'ed. If you have
misspelled it (e.g., `\hobx'), type `I' and the correct
spelling (e.g., `I\hbox'). Otherwise just continue,
and I'll forget about whatever was undefined.

! Undefined control sequence.
\\tribullet [#1]#2->\scaleboxto 
                                (0,#1){\pspicture [](0.00,-1.28)(1.12,1.00)\...
l.489 }
        % end overlays
The control sequence at the end of the top line
of your error message was never \def'ed. If you have
misspelled it (e.g., `\hobx'), type `I' and the correct
spelling (e.g., `I\hbox'). Otherwise just continue,
and I'll forget about whatever was undefined.

! Undefined control sequence.
\\tribullet [#1]#2->\scaleboxto 
                                (0,#1){\pspicture [](0.00,-1.28)(1.12,1.00)\...
l.489 }
        % end overlays
The control sequence at the end of the top line
of your error message was never \def'ed. If you have
misspelled it (e.g., `\hobx'), type `I' and the correct
spelling (e.g., `I\hbox'). Otherwise just continue,
and I'll forget about whatever was undefined.

! Undefined control sequence.
\\tribullet [#1]#2->\scaleboxto 
                                (0,#1){\pspicture [](0.00,-1.28)(1.12,1.00)\...
l.489 }
        % end overlays
The control sequence at the end of the top line
of your error message was never \def'ed. If you have
misspelled it (e.g., `\hobx'), type `I' and the correct
spelling (e.g., `I\hbox'). Otherwise just continue,
and I'll forget about whatever was undefined.

! Undefined control sequence.
<argument> ...lse def} if} ifelse} def \tx@InitOL 
                                                  /TheOL 0 def end
l.489 }
        % end overlays
The control sequence at the end of the top line
of your error message was never \def'ed. If you have
misspelled it (e.g., `\hobx'), type `I' and the correct
spelling (e.g., `I\hbox'). Otherwise just continue,
and I'll forget about whatever was undefined.

[10

]
! Undefined control sequence.
\\tribullet [#1]#2->\scaleboxto 
                                (0,#1){\pspicture [](0.00,-1.28)(1.12,1.00)\...
l.489 }
        % end overlays
The control sequence at the end of the top line
of your error message was never \def'ed. If you have
misspelled it (e.g., `\hobx'), type `I' and the correct
spelling (e.g., `I\hbox'). Otherwise just continue,
and I'll forget about whatever was undefined.

! Undefined control sequence.
\\tribullet [#1]#2->\scaleboxto 
                                (0,#1){\pspicture [](0.00,-1.28)(1.12,1.00)\...
l.489 }
        % end overlays
The control sequence at the end of the top line
of your error message was never \def'ed. If you have
misspelled it (e.g., `\hobx'), type `I' and the correct
spelling (e.g., `I\hbox'). Otherwise just continue,
and I'll forget about whatever was undefined.

! Undefined control sequence.
\\tribullet [#1]#2->\scaleboxto 
                                (0,#1){\pspicture [](0.00,-1.28)(1.12,1.00)\...
l.489 }
        % end overlays
The control sequence at the end of the top line
of your error message was never \def'ed. If you have
misspelled it (e.g., `\hobx'), type `I' and the correct
spelling (e.g., `I\hbox'). Otherwise just continue,
and I'll forget about whatever was undefined.

! Undefined control sequence.
\\tribullet [#1]#2->\scaleboxto 
                                (0,#1){\pspicture [](0.00,-1.28)(1.12,1.00)\...
l.489 }
        % end overlays
The control sequence at the end of the top line
of your error message was never \def'ed. If you have
misspelled it (e.g., `\hobx'), type `I' and the correct
spelling (e.g., `I\hbox'). Otherwise just continue,
and I'll forget about whatever was undefined.

! Undefined control sequence.
\\tribullet [#1]#2->\scaleboxto 
                                (0,#1){\pspicture [](0.00,-1.28)(1.12,1.00)\...
l.489 }
        % end overlays
The control sequence at the end of the top line
of your error message was never \def'ed. If you have
misspelled it (e.g., `\hobx'), type `I' and the correct
spelling (e.g., `I\hbox'). Otherwise just continue,
and I'll forget about whatever was undefined.

! Undefined control sequence.
\\tribullet [#1]#2->\scaleboxto 
                                (0,#1){\pspicture [](0.00,-1.28)(1.12,1.00)\...
l.489 }
        % end overlays
The control sequence at the end of the top line
of your error message was never \def'ed. If you have
misspelled it (e.g., `\hobx'), type `I' and the correct
spelling (e.g., `I\hbox'). Otherwise just continue,
and I'll forget about whatever was undefined.

! Undefined control sequence.
\\tribullet [#1]#2->\scaleboxto 
                                (0,#1){\pspicture [](0.00,-1.28)(1.12,1.00)\...
l.489 }
        % end overlays
The control sequence at the end of the top line
of your error message was never \def'ed. If you have
misspelled it (e.g., `\hobx'), type `I' and the correct
spelling (e.g., `I\hbox'). Otherwise just continue,
and I'll forget about whatever was undefined.

! Undefined control sequence.
\\tribullet [#1]#2->\scaleboxto 
                                (0,#1){\pspicture [](0.00,-1.28)(1.12,1.00)\...
l.489 }
        % end overlays
The control sequence at the end of the top line
of your error message was never \def'ed. If you have
misspelled it (e.g., `\hobx'), type `I' and the correct
spelling (e.g., `I\hbox'). Otherwise just continue,
and I'll forget about whatever was undefined.

! Undefined control sequence.
\\tribullet [#1]#2->\scaleboxto 
                                (0,#1){\pspicture [](0.00,-1.28)(1.12,1.00)\...
l.489 }
        % end overlays
The control sequence at the end of the top line
of your error message was never \def'ed. If you have
misspelled it (e.g., `\hobx'), type `I' and the correct
spelling (e.g., `I\hbox'). Otherwise just continue,
and I'll forget about whatever was undefined.

! Undefined control sequence.
<argument> ...lse def} if} ifelse} def \tx@InitOL 
                                                  /TheOL 0 def end
l.489 }
        % end overlays
The control sequence at the end of the top line
of your error message was never \def'ed. If you have
misspelled it (e.g., `\hobx'), type `I' and the correct
spelling (e.g., `I\hbox'). Otherwise just continue,
and I'll forget about whatever was undefined.

[10

]
Package atveryend Info: Empty hook `BeforeClearDocument' on input line 493.
Package atveryend Info: Empty hook `AfterLastShipout' on input line 493.
 (./slides.aux)
Package atveryend Info: Empty hook `AtVeryEndDocument' on input line 493.
Package atveryend Info: Executing hook `AtEndAfterFileList' on input line 493.


Package rerunfilecheck Warning: File `slides.out' has changed.
(rerunfilecheck)                Rerun to get outlines right
(rerunfilecheck)                or use package `bookmark'.

Package rerunfilecheck Info: Checksums for `slides.out':
(rerunfilecheck)             Before: <no file>
(rerunfilecheck)             After:  D41D8CD98F00B204E9800998ECF8427E;0.
 ) 
Here is how much of TeX's memory you used:
 9078 strings out of 494967
 134396 string characters out of 6179706
 257130 words of memory out of 5000000
 12152 multiletter control sequences out of 15000+600000
 20496 words of font info for 59 fonts, out of 8000000 for 9000
 38 hyphenation exceptions out of 8191
 51i,15n,56p,541b,795s stack positions out of 5000i,500n,10000p,200000b,80000s

Output written on slides.dvi (28 pages, 299348 bytes).
